<?xml version="1.0" encoding="UTF-8"?>
<coverage generated="1713189137804" clover="3.2.0">
  <project timestamp="1713189137804" name="All files">
    <metrics statements="28" coveredstatements="26" conditionals="9" coveredconditionals="9" methods="4" coveredmethods="4" elements="41" coveredelements="39" complexity="0" loc="28" ncloc="28" packages="1" files="2" classes="2"/>
    <file name="market-data.ts" path="/Users/r/Documents/repo/own/crypto-fun/src/market-data.ts">
      <metrics statements="14" coveredstatements="12" conditionals="0" coveredconditionals="0" methods="2" coveredmethods="2"/>
      <line num="1" count="1" type="stmt"/>
      <line num="2" count="1" type="stmt"/>
      <line num="5" count="1" type="stmt"/>
      <line num="6" count="5" type="stmt"/>
      <line num="7" count="5" type="stmt"/>
      <line num="8" count="5" type="stmt"/>
      <line num="10" count="5" type="stmt"/>
      <line num="11" count="5" type="stmt"/>
      <line num="39" count="5" type="stmt"/>
      <line num="53" count="86" type="stmt"/>
      <line num="54" count="86" type="stmt"/>
      <line num="69" count="5" type="stmt"/>
      <line num="71" count="0" type="stmt"/>
      <line num="72" count="0" type="stmt"/>
    </file>
    <file name="trend-analyzer.ts" path="/Users/r/Documents/repo/own/crypto-fun/src/trend-analyzer.ts">
      <metrics statements="14" coveredstatements="14" conditionals="9" coveredconditionals="9" methods="2" coveredmethods="2"/>
      <line num="6" count="1" type="cond" truecount="1" falsecount="0"/>
      <line num="7" count="5" type="stmt"/>
      <line num="9" count="5" type="stmt"/>
      <line num="10" count="86" type="stmt"/>
      <line num="11" count="86" type="stmt"/>
      <line num="12" count="86" type="stmt"/>
      <line num="13" count="86" type="stmt"/>
      <line num="16" count="5" type="stmt"/>
      <line num="17" count="5" type="stmt"/>
      <line num="18" count="5" type="cond" truecount="4" falsecount="0"/>
      <line num="19" count="1" type="stmt"/>
      <line num="20" count="4" type="cond" truecount="4" falsecount="0"/>
      <line num="21" count="2" type="stmt"/>
      <line num="23" count="2" type="stmt"/>
    </file>
  </project>
</coverage>
