<?xml version="1.0" encoding="UTF-8"?>
<coverage generated="1713183309593" clover="3.2.0">
  <project timestamp="1713183309593" name="All files">
    <metrics statements="27" coveredstatements="25" conditionals="9" coveredconditionals="9" methods="4" coveredmethods="4" elements="40" coveredelements="38" complexity="0" loc="27" ncloc="27" packages="1" files="2" classes="2"/>
    <file name="market-data.ts" path="/Users/r/Documents/repo/own/crypto-fun/src/market-data.ts">
      <metrics statements="14" coveredstatements="12" conditionals="0" coveredconditionals="0" methods="2" coveredmethods="2"/>
      <line num="1" count="1" type="stmt"/>
      <line num="2" count="1" type="stmt"/>
      <line num="5" count="1" type="stmt"/>
      <line num="6" count="4" type="stmt"/>
      <line num="7" count="4" type="stmt"/>
      <line num="8" count="4" type="stmt"/>
      <line num="10" count="4" type="stmt"/>
      <line num="11" count="4" type="stmt"/>
      <line num="39" count="4" type="stmt"/>
      <line num="53" count="71" type="stmt"/>
      <line num="54" count="71" type="stmt"/>
      <line num="69" count="4" type="stmt"/>
      <line num="71" count="0" type="stmt"/>
      <line num="72" count="0" type="stmt"/>
    </file>
    <file name="trend-analyzer.ts" path="/Users/r/Documents/repo/own/crypto-fun/src/trend-analyzer.ts">
      <metrics statements="13" coveredstatements="13" conditionals="9" coveredconditionals="9" methods="2" coveredmethods="2"/>
      <line num="6" count="1" type="cond" truecount="1" falsecount="0"/>
      <line num="7" count="4" type="stmt"/>
      <line num="9" count="4" type="stmt"/>
      <line num="10" count="71" type="stmt"/>
      <line num="11" count="71" type="stmt"/>
      <line num="12" count="71" type="stmt"/>
      <line num="13" count="71" type="stmt"/>
      <line num="16" count="4" type="stmt"/>
      <line num="17" count="4" type="cond" truecount="4" falsecount="0"/>
      <line num="18" count="1" type="stmt"/>
      <line num="19" count="3" type="cond" truecount="4" falsecount="0"/>
      <line num="20" count="1" type="stmt"/>
      <line num="22" count="2" type="stmt"/>
    </file>
  </project>
</coverage>
