{"/Users/r/Documents/repo/own/crypto-fun/src/market-data.ts": {"path":"/Users/r/Documents/repo/own/crypto-fun/src/market-data.ts","statementMap":{"0":{"start":{"line":1,"column":0},"end":{"line":1,"column":26}},"1":{"start":{"line":2,"column":0},"end":{"line":2,"column":25}},"2":{"start":{"line":6,"column":20},"end":{"line":6,"column":45}},"3":{"start":{"line":7,"column":21},"end":{"line":7,"column":37}},"4":{"start":{"line":8,"column":16},"end":{"line":8,"column":39}},"5":{"start":{"line":10,"column":4},"end":{"line":73,"column":5}},"6":{"start":{"line":11,"column":25},"end":{"line":18,"column":10}},"7":{"start":{"line":39,"column":47},"end":{"line":68,"column":10}},"8":{"start":{"line":53,"column":16},"end":{"line":53,"column":27}},"9":{"start":{"line":54,"column":12},"end":{"line":67,"column":14}},"10":{"start":{"line":69,"column":8},"end":{"line":69,"column":31}},"11":{"start":{"line":71,"column":8},"end":{"line":71,"column":65}},"12":{"start":{"line":72,"column":8},"end":{"line":72,"column":20}},"13":{"start":{"line":5,"column":0},"end":{"line":5,"column":22}}},"fnMap":{"0":{"name":"fetchCandlestickData","decl":{"start":{"line":5,"column":22},"end":{"line":5,"column":42}},"loc":{"start":{"line":5,"column":111},"end":{"line":74,"column":null}}},"1":{"name":"(anonymous_10)","decl":{"start":{"line":39,"column":65},"end":{"line":39,"column":66}},"loc":{"start":{"line":39,"column":102},"end":{"line":68,"column":9}}}},"branchMap":{},"s":{"0":1,"1":1,"2":4,"3":4,"4":4,"5":4,"6":4,"7":4,"8":71,"9":71,"10":4,"11":0,"12":0,"13":1},"f":{"0":4,"1":71},"b":{}}
,"/Users/r/Documents/repo/own/crypto-fun/src/trend-analyzer.ts": {"path":"/Users/r/Documents/repo/own/crypto-fun/src/trend-analyzer.ts","statementMap":{"0":{"start":{"line":7,"column":33},"end":{"line":7,"column":34}},"1":{"start":{"line":9,"column":2},"end":{"line":14,"column":5}},"2":{"start":{"line":10,"column":17},"end":{"line":10,"column":44}},"3":{"start":{"line":11,"column":18},"end":{"line":11,"column":46}},"4":{"start":{"line":12,"column":24},"end":{"line":12,"column":53}},"5":{"start":{"line":13,"column":4},"end":{"line":13,"column":44}},"6":{"start":{"line":16,"column":33},"end":{"line":16,"column":67}},"7":{"start":{"line":17,"column":2},"end":{"line":23,"column":3}},"8":{"start":{"line":18,"column":4},"end":{"line":18,"column":20}},"9":{"start":{"line":19,"column":9},"end":{"line":23,"column":3}},"10":{"start":{"line":20,"column":4},"end":{"line":20,"column":22}},"11":{"start":{"line":22,"column":4},"end":{"line":22,"column":21}},"12":{"start":{"line":6,"column":0},"end":{"line":6,"column":16}}},"fnMap":{"0":{"name":"analyzeWeeklyTrend","decl":{"start":{"line":6,"column":16},"end":{"line":6,"column":34}},"loc":{"start":{"line":6,"column":101},"end":{"line":24,"column":1}}},"1":{"name":"(anonymous_1)","decl":{"start":{"line":9,"column":18},"end":{"line":9,"column":24}},"loc":{"start":{"line":9,"column":27},"end":{"line":14,"column":3}}}},"branchMap":{"0":{"loc":{"start":{"line":6,"column":59},"end":{"line":6,"column":101}},"type":"default-arg","locations":[{"start":{"line":6,"column":100},"end":{"line":6,"column":101}}]},"1":{"loc":{"start":{"line":17,"column":2},"end":{"line":23,"column":3}},"type":"if","locations":[{"start":{"line":17,"column":2},"end":{"line":23,"column":3}},{"start":{"line":19,"column":9},"end":{"line":23,"column":3}}]},"2":{"loc":{"start":{"line":17,"column":6},"end":{"line":17,"column":93}},"type":"binary-expr","locations":[{"start":{"line":17,"column":6},"end":{"line":17,"column":61}},{"start":{"line":17,"column":65},"end":{"line":17,"column":93}}]},"3":{"loc":{"start":{"line":19,"column":9},"end":{"line":23,"column":3}},"type":"if","locations":[{"start":{"line":19,"column":9},"end":{"line":23,"column":3}},{"start":{"line":21,"column":9},"end":{"line":23,"column":3}}]},"4":{"loc":{"start":{"line":19,"column":13},"end":{"line":19,"column":100}},"type":"binary-expr","locations":[{"start":{"line":19,"column":13},"end":{"line":19,"column":68}},{"start":{"line":19,"column":72},"end":{"line":19,"column":100}}]}},"s":{"0":4,"1":4,"2":71,"3":71,"4":71,"5":71,"6":4,"7":4,"8":1,"9":3,"10":1,"11":2,"12":1},"f":{"0":4,"1":71},"b":{"0":[4],"1":[1,3],"2":[4,2],"3":[1,2],"4":[3,1]}}
}
