TN:
SF:src/market-data.ts
FN:5,fetchCandlestickData
FN:39,(anonymous_10)
FNF:2
FNH:2
FNDA:5,fetchCandlestickData
FNDA:86,(anonymous_10)
DA:1,1
DA:2,1
DA:5,1
DA:6,5
DA:7,5
DA:8,5
DA:10,5
DA:11,5
DA:39,5
DA:53,86
DA:54,86
DA:69,5
DA:71,0
DA:72,0
LF:14
LH:12
BRF:0
BRH:0
end_of_record
TN:
SF:src/trend-analyzer.ts
FN:6,analyzeWeeklyTrend
FN:9,(anonymous_1)
FNF:2
FNH:2
FNDA:5,analyzeWeeklyTrend
FNDA:86,(anonymous_1)
DA:6,1
DA:7,5
DA:9,5
DA:10,86
DA:11,86
DA:12,86
DA:13,86
DA:16,5
DA:17,5
DA:18,5
DA:19,1
DA:20,4
DA:21,2
DA:23,2
LF:14
LH:14
BRDA:6,0,0,5
BRDA:18,1,0,1
BRDA:18,1,1,4
BRDA:18,2,0,5
BRDA:18,2,1,3
BRDA:20,3,0,2
BRDA:20,3,1,2
BRDA:20,4,0,4
BRDA:20,4,1,2
BRF:9
BRH:9
end_of_record
