TN:
SF:src/market-data.ts
FN:5,fetchCandlestickData
FN:39,(anonymous_10)
FNF:2
FNH:2
FNDA:4,fetchCandlestickData
FNDA:71,(anonymous_10)
DA:1,1
DA:2,1
DA:5,1
DA:6,4
DA:7,4
DA:8,4
DA:10,4
DA:11,4
DA:39,4
DA:53,71
DA:54,71
DA:69,4
DA:71,0
DA:72,0
LF:14
LH:12
BRF:0
BRH:0
end_of_record
TN:
SF:src/trend-analyzer.ts
FN:6,analyzeWeeklyTrend
FN:9,(anonymous_1)
FNF:2
FNH:2
FNDA:4,analyzeWeeklyTrend
FNDA:71,(anonymous_1)
DA:6,1
DA:7,4
DA:9,4
DA:10,71
DA:11,71
DA:12,71
DA:13,71
DA:16,4
DA:17,4
DA:18,1
DA:19,3
DA:20,1
DA:22,2
LF:13
LH:13
BRDA:6,0,0,4
BRDA:17,1,0,1
BRDA:17,1,1,3
BRDA:17,2,0,4
BRDA:17,2,1,2
BRDA:19,3,0,1
BRDA:19,3,1,2
BRDA:19,4,0,3
BRDA:19,4,1,1
BRF:9
BRH:9
end_of_record
